<?xml version="1.0" encoding="UTF-8"?>
<!-- Generated by org.testng.reporters.JUnitReportReporter -->
<testsuite hostname="DESKTOP-4ERPLSE" failures="0" tests="1" name="TestCases.FlipkartSignUpPageTest" time="12.732" errors="0" timestamp="2025-07-15T17:48:00 IST" skipped="0">
  <testcase classname="TestCases.FlipkartSignUpPageTest" name="openSignUpPage" time="12.732"/>
  <system-out/>
</testsuite> <!-- TestCases.FlipkartSignUpPageTest -->
