<?xml version="1.0" encoding="UTF-8"?>
<!-- Generated by org.testng.reporters.JUnitReportReporter -->
<testsuite hostname="DESKTOP-4ERPLSE" failures="0" tests="3" name="TestCases.FlipkartAddToCartTest" time="25.483" errors="0" timestamp="2025-07-15T15:01:35 IST" skipped="0">
  <testcase classname="TestCases.FlipkartAddToCartTest" name="searchmobile" time="14.101"/>
  <system-out/>
  <testcase classname="TestCases.FlipkartAddToCartTest" name="resultclick" time="5.818"/>
  <system-out/>
  <testcase classname="TestCases.FlipkartAddToCartTest" name="addToCart" time="5.564"/>
  <system-out/>
</testsuite> <!-- TestCases.FlipkartAddToCartTest -->
