<?xml version="1.0" encoding="UTF-8"?>
<!-- Generated by org.testng.reporters.JUnitReportReporter -->
<testsuite hostname="DESKTOP-4ERPLSE" failures="0" tests="1" name="TestCases.FlipkartLoginPageTest" time="6.133" errors="0" timestamp="2025-07-15T16:41:07 IST" skipped="0">
  <testcase classname="TestCases.FlipkartLoginPageTest" name="addToCart" time="6.133"/>
  <system-out/>
</testsuite> <!-- TestCases.FlipkartLoginPageTest -->
