<?xml version="1.0" encoding="UTF-8"?>
<!-- Generated by org.testng.reporters.JUnitReportReporter -->
<testsuite hostname="DESKTOP-4ERPLSE" failures="0" tests="2" name="TestCases.FlipkartResultTest" time="20.478" errors="0" timestamp="2025-07-15T14:57:49 IST" skipped="0">
  <testcase classname="TestCases.FlipkartResultTest" name="searchmobile" time="13.971"/>
  <system-out/>
  <testcase classname="TestCases.FlipkartResultTest" name="resultclick" time="6.507"/>
  <system-out/>
</testsuite> <!-- TestCases.FlipkartResultTest -->
