<?xml version="1.0" encoding="UTF-8"?>
<!-- Generated by org.testng.reporters.JUnitReportReporter -->
<testsuite hostname="DESKTOP-4ERPLSE" failures="0" tests="1" name="TestRunner.TestRunner" time="0.183" errors="0" timestamp="2025-07-14T15:21:21 IST" skipped="0">
  <testcase classname="TestRunner.TestRunner" name="runScenario" time="0.183"/>
  <system-out/>
</testsuite> <!-- TestRunner.TestRunner -->
